11:22:37.345 > start

11:22:41.355 > 20

11:22:41.355 > 
11:22:41.355 > ----- ESP -----
11:22:41.355 > AT+CIPMUX=1


11:22:41.359 > 

11:22:41.359 > OK

11:22:41.359 > ---------------
11:22:41.359 > 

11:22:42.358 > 39

11:22:42.362 > 
11:22:42.362 > ----- ESP -----
11:22:42.362 > AT+CIPSERVER=1,0080


11:22:42.362 > no change

11:22:42.366 > 

11:22:42.366 > OK

11:22:42.366 > ---------------
11:22:42.366 > 

11:22:56.738 > 0,CONNECT

11:22:56.743 > 

11:22:56.743 > +IPD,0,327:POST / HTTP/1.1

11:22:56.743 > Host: 192.168.29.167

11:22:56.747 > User-Agent: Mozilla/5.0 (Windows NT 10.0; Win64; x64; rv:109.0) Gecko/20100101 Firefox/115.0

11:22:56.755 > Accept: */*

11:22:56.755 > Accept-Language: en-GB,en;q=0.5

11:22:56.758 > Accept-Encoding: gzip, deflate

11:22:56.759 > Content-Type: application/x-www-form-urlencoded

11:22:56.763 > Content-Length: 8

11:22:56.768 > Origin: null

11:22:56.768 > Connection: keep-alive

11:22:56.768 > 

11:22:56.768 > {"L0":1}1,CONNECT

11:22:56.772 > 

11:22:56.772 > +IPD,1,327:POST / HTTP/1.1

11:22:56.772 > Host: 192.168.29.167

11:22:56.776 > User-Agent: Mozilla/5.0 (Windows NT 10.0; Win64; x64; rv:109.0) Gecko/20100101 Firefox/115.0

11:22:56.783 > Accept: */*

11:22:56.783 > Accept-Language: en-GB,en;q=0.5

11:22:56.788 > Accept-Encoding: gzip, deflate

11:22:56.788 > Content-Type: application/x-www-form-urlencoded

11:22:56.791 > Content-Length: 8

11:22:56.795 > Origin: null

11:22:56.795 > Connection: keep-alive

11:22:56.799 > 

11:22:56.799 > {"L1":1}2,CONNECT

11:22:56.799 > 

11:22:56.799 > +IPD,2,327:POST / HTTP/1.1

11:22:56.801 > Host: 192.168.29.167

11:22:56.801 > User-Agent: Mozilla/5.0 (Windows NT 10.0; Win64; x64; rv:109.0) Gecko/20100101 Firefox/115.0

11:22:56.812 > Accept: */*

11:22:56.812 > Accept-Language: en-GB,en;q=0.5

11:22:56.816 > Accept-Encoding: gzip, deflate

11:22:56.821 > Content-Type: application/x-www-form-urlencoded

11:22:56.825 > Content-Length: 8

11:22:56.825 > Origin: null

11:22:56.825 > Connection: keep-alive

11:22:56.829 > 

11:22:56.829 > {"L2":1}3,CONNECT

11:22:56.829 > 

11:22:56.829 > +IPD,3,327:POST / HTTP/1.1

11:22:56.833 > Host: 192.168.29.167

11:22:56.833 > User-Agent: Mozilla/5.0 (Windows NT 10.0; Win64; x64; rv:109.0) Gecko/20100101 Firefox/115.0

11:22:56.841 > Accept: */*

11:22:56.845 > Accept-Language: en-GB,en;q=0.5

11:22:56.845 > Accept-Encoding: gzip, deflate

11:22:56.849 > Content-Type: application/x-www-form-urlencoded

11:22:56.853 > Content-Length: 8

11:22:56.853 > Origin: null

11:22:56.857 > Connection: keep-alive

11:22:56.857 > 

11:22:56.857 > {"F0":1}4,CONNECT

11:22:56.862 > 

11:22:56.862 > +IPD,4,327:POST / HTTP/1.1

11:22:56.862 > Host: 192.168.29.167

11:22:56.866 > User-Agent: Mozilla/5.0 (Windows NT 10.0; Win64; x64; rv:109.0) Gecko/20100101 Firefox/115.0

11:22:56.874 > Accept: */*

11:22:56.874 > Accept-Language: en-GB,en;q=0.5

11:22:56.878 > Accept-Encoding: gzip, deflate

11:22:56.878 > Content-Type: application/x-www-form-urlencoded

11:22:56.882 > Content-Length: 8

11:22:56.885 > Origin: null

11:22:56.885 > Connection: keep-alive

11:22:56.890 > 

11:22:56.890 > {"P0":1}

11:22:56.890 > 1755

11:22:56.890 > POST receved!
---imp
11:22:56.890 > 0

11:22:57.888 > 26
---imp

11:22:57.893 > 
11:22:57.893 > ----- ESP -----
11:22:57.893 > AT+CIPSEND=0,57


11:22:57.893 > 

11:22:57.893 > OK

11:22:57.893 > > ---------------
11:22:57.897 > 

11:22:58.904 > 38

11:22:58.905 > 
11:22:58.905 > ----- ESP -----
11:22:58.909 > 

11:22:58.909 > Recv 57 bytes

11:22:58.909 > 

11:22:58.909 > SEND OK

11:22:58.909 > 0,CLOSED

11:22:58.909 > ---------------
11:22:58.914 > 

11:22:58.914 >  Mozilla/5.0 (Windows NT 10.0; Win64; x64; rv:109.0) Gecko/20100101 Firefox/115.0


11:22:58.917 > 24

11:22:58.921 > 343

11:22:58.921 > 73

11:22:58.921 > 0

11:22:58.921 > L

11:22:58.921 > 0

11:22:58.921 > 1

11:22:58.921 > POST receved!

11:22:58.921 > 1

11:23:00.203 > 377

11:23:00.203 > 
11:23:00.203 > ----- ESP -----
11:23:00.208 > AT+CIPSEND=1,57


11:23:00.208 > 

11:23:00.208 > OK

11:23:00.208 > > 0,CONNECT

11:23:00.212 > 

11:23:00.212 > +IPD,0,327:POST / HTTP/1.1

11:23:00.212 > Host: 192.168.29.167

11:23:00.215 > User-Agent: Mozilla/5.0 (Windows NT 10.0; Win64; x64; rv:109.0) Gecko/20100101 Firefox/115.0

11:23:00.224 > Accept: */*

11:23:00.224 > Accept-Language: en-GB,en;q=0.5

11:23:00.228 > Accept-Encoding: gzip, deflate

11:23:00.228 > Content-Type: application/x-www-form-urlencoded

11:23:00.232 > Content-Length: 8

11:23:00.236 > Origin: null

11:23:00.236 > Connection: keep-alive

11:23:00.236 > 

11:23:00.236 > {"P1":1}---------------
11:23:00.240 > 

11:23:00.240 > POST receved!

11:23:00.240 > 0

11:23:01.239 > 0

11:23:01.241 > 
11:23:01.241 > ----- ESP -----
11:23:01.241 > ---------------
11:23:01.241 > 

11:23:02.296 > 56

11:23:02.297 > 
11:23:02.297 > ----- ESP -----
11:23:02.297 > ent-Length: 0



11:23:02.300 > busy s...

11:23:02.300 > 

11:23:02.300 > Recv 57 bytes

11:23:02.300 > 

11:23:02.300 > SEND OK

11:23:02.305 > ---------------
11:23:02.305 > 

11:23:02.305 > wrinprocess

11:23:02.305 >  Mozilla/5.0 (Windows NT 10.0; Win64; x64; rv:109.0) Gecko/20100101 Firefox/115.0


11:23:02.313 > 50

11:23:02.313 > 369

11:23:02.313 > 99

11:23:02.313 > 26

11:23:02.313 > P

11:23:02.313 > 1

11:23:02.317 > 1

11:23:02.317 > inprocess

11:23:03.324 > 88

11:23:03.324 > 
11:23:03.324 > ----- ESP -----
11:23:03.324 > HTTP/1.1 200 OK


11:23:03.324 > ERROR

11:23:03.324 > Connection: close


11:23:03.324 > ERROR

11:23:03.324 > Content-Lenth: 0


11:23:03.324 > ERROR

11:23:03.324 > 


11:23:03.324 > ERROR

11:23:03.324 > ---------------
11:23:03.324 > 

11:23:03.324 > wrinprocess

11:23:03.324 >  Mozilla/5.0 (Windows NT 10.0; Win64; x64; rv:109.0) Gecko/20100101 Firefox/115.0


11:23:03.345 > 375

11:23:03.345 > 694

11:23:03.345 > 424

11:23:03.345 > 351

11:23:03.345 > L

11:23:03.345 > 1

11:23:03.345 > 1

11:23:03.345 > POST receved!

11:23:03.348 > 2

11:23:04.348 > 26

11:23:04.348 > 
11:23:04.348 > ----- ESP -----
11:23:04.348 > AT+CIPSEND=2,57


11:23:04.352 > 

11:23:04.352 > OK

11:23:04.352 > > ---------------
11:23:04.352 > 

11:23:05.454 > 49

11:23:05.458 > 
11:23:05.458 > ----- ESP -----
11:23:05.458 > 

11:23:05.458 > Recv 57 bytes

11:23:05.458 > 

11:23:05.458 > SEND OK

11:23:05.458 > 2,CLOSED

11:23:05.462 > 2,CONNECT

11:23:05.462 > ---------------
11:23:05.462 > 

11:23:05.462 > wrinprocess

11:23:05.466 >  Mozilla/5.0 (Windows NT 10.0; Win64; x64; rv:109.0) Gecko/20100101 Firefox/115.0


11:23:05.470 > 726

11:23:05.470 > 1045

11:23:05.475 > 775

11:23:05.475 > 702

11:23:05.475 > L

11:23:05.475 > 2

11:23:05.475 > 1

11:23:05.475 > POST receved!

11:23:05.475 > 3

11:23:06.475 > 26

11:23:06.475 > 
11:23:06.475 > ----- ESP -----
11:23:06.475 > AT+CIPSEND=3,57


11:23:06.475 > 

11:23:06.475 > OK

11:23:06.475 > > ---------------
11:23:06.475 > 

11:23:07.489 > 38

11:23:07.489 > 
11:23:07.489 > ----- ESP -----
11:23:07.494 > 

11:23:07.494 > Recv 57 bytes

11:23:07.494 > 

11:23:07.494 > SEND OK

11:23:07.494 > 3,CLOSED

11:23:07.494 > ---------------
11:23:07.498 > 

11:23:07.498 >  Mozilla/5.0 (Windows NT 10.0; Win64; x64; rv:109.0) Gecko/20100101 Firefox/115.0


11:23:07.506 > 1077

11:23:07.506 > 1396

11:23:07.506 > 1126

11:23:07.506 > 1053

11:23:07.506 > F

11:23:07.506 > 0

11:23:07.506 > 1

11:23:07.506 > POST receved!

11:23:07.511 > 4

11:23:08.509 > 26

11:23:08.510 > 
11:23:08.510 > ----- ESP -----
11:23:08.510 > AT+CIPSEND=4,57


11:23:08.510 > 

11:23:08.510 > OK

11:23:08.514 > > ---------------
11:23:08.514 > 

11:23:10.464 > 48

11:23:10.464 > 
11:23:10.464 > ----- ESP -----
11:23:10.464 > 

11:23:10.464 > Recv 57 bytes

11:23:10.464 > 

11:23:10.464 > SEND OK

11:23:10.468 > 4,CLOSED

11:23:10.468 > 2,CLOSED

11:23:10.468 > ---------------
11:23:10.468 > 

11:23:10.468 > wrinprocess

11:23:10.472 >  Mozilla/5.0 (Windows NT 10.0; Win64; x64; rv:109.0) Gecko/20100101 Firefox/115.0


11:23:10.476 > 1428

11:23:10.480 > 1747

11:23:10.480 > 1477

11:23:10.480 > 1404

11:23:10.480 > P

11:23:10.480 > 0

11:23:10.480 > 1

